<?xml version="1.0" encoding="UTF-8"?>
<!-- Generated by org.testng.reporters.JUnitReportReporter -->
<testsuite skipped="1" hostname="ADMINRG-BGRV2NO" name="com.selenium.basic.New1" tests="2" failures="0" timestamp="20 Jun 2021 09:32:39 GMT" time="0.003" errors="1">
  <testcase name="screen" time="0.003" classname="com.selenium.basic.New1">
    <skipped/>
  </testcase> <!-- screen -->
  <testcase name="openBrowser" time="0.000" classname="com.selenium.basic.New1">
    <error type="org.openqa.selenium.SessionNotCreatedException" message="session not created: This version of ChromeDriver only supports Chrome version 89
Current browser version is 91.0.4472.114 with binary path C:\Program Files\Google\Chrome\Application\chrome.exe
Build info: version: &#039;3.141.59&#039;, revision: &#039;e82be7d358&#039;, time: &#039;2018-11-14T08:25:53&#039;
System info: host: &#039;ADMINRG-BGRV2NO&#039;, ip: &#039;192.168.99.1&#039;, os.name: &#039;Windows 10&#039;, os.arch: &#039;amd64&#039;, os.version: &#039;10.0&#039;, java.version: &#039;1.8.0_271&#039;
Driver info: driver.version: ChromeDriver
remote stacktrace: Backtrace:
	Ordinal0 [0x0034E7D3+124883]
	Ordinal0 [0x0034E7B1+124849]
	GetHandleVerifier [0x00598688+193832]
	GetHandleVerifier [0x005B3AC5+305509]
	GetHandleVerifier [0x005B021B+291003]
	GetHandleVerifier [0x005AE0AC+282444]
	GetHandleVerifier [0x005D4A90+440624]
	GetHandleVerifier [0x005D47FC+439964]
	GetHandleVerifier [0x005D154B+426987]
	GetHandleVerifier [0x005B4FFD+310941]
	GetHandleVerifier [0x005B5D8E+314414]
	GetHandleVerifier [0x005B5D19+314297]
	GetHandleVerifier [0x006731EC+1089676]
	GetHandleVerifier [0x006717C9+1082985]
	GetHandleVerifier [0x006713A3+1081923]
	GetHandleVerifier [0x0076D9FD+2115741]
	Ordinal0 [0x0049B82E+1488942]
	Ordinal0 [0x00435A7D+1071741]
	Ordinal0 [0x0043559B+1070491]
	Ordinal0 [0x004354B1+1070257]
	Ordinal0 [0x0046FF53+1310547]
	BaseThreadInitThunk [0x75E3FA29+25]
	RtlGetAppContainerNamedObjectPath [0x77AE7A9E+286]
	RtlGetAppContainerNamedObjectPath [0x77AE7A6E+238]
">
      <![CDATA[org.openqa.selenium.SessionNotCreatedException: session not created: This version of ChromeDriver only supports Chrome version 89
Current browser version is 91.0.4472.114 with binary path C:\Program Files\Google\Chrome\Application\chrome.exe
Build info: version: '3.141.59', revision: 'e82be7d358', time: '2018-11-14T08:25:53'
System info: host: 'ADMINRG-BGRV2NO', ip: '192.168.99.1', os.name: 'Windows 10', os.arch: 'amd64', os.version: '10.0', java.version: '1.8.0_271'
Driver info: driver.version: ChromeDriver
remote stacktrace: Backtrace:
	Ordinal0 [0x0034E7D3+124883]
	Ordinal0 [0x0034E7B1+124849]
	GetHandleVerifier [0x00598688+193832]
	GetHandleVerifier [0x005B3AC5+305509]
	GetHandleVerifier [0x005B021B+291003]
	GetHandleVerifier [0x005AE0AC+282444]
	GetHandleVerifier [0x005D4A90+440624]
	GetHandleVerifier [0x005D47FC+439964]
	GetHandleVerifier [0x005D154B+426987]
	GetHandleVerifier [0x005B4FFD+310941]
	GetHandleVerifier [0x005B5D8E+314414]
	GetHandleVerifier [0x005B5D19+314297]
	GetHandleVerifier [0x006731EC+1089676]
	GetHandleVerifier [0x006717C9+1082985]
	GetHandleVerifier [0x006713A3+1081923]
	GetHandleVerifier [0x0076D9FD+2115741]
	Ordinal0 [0x0049B82E+1488942]
	Ordinal0 [0x00435A7D+1071741]
	Ordinal0 [0x0043559B+1070491]
	Ordinal0 [0x004354B1+1070257]
	Ordinal0 [0x0046FF53+1310547]
	BaseThreadInitThunk [0x75E3FA29+25]
	RtlGetAppContainerNamedObjectPath [0x77AE7A9E+286]
	RtlGetAppContainerNamedObjectPath [0x77AE7A6E+238]

	at sun.reflect.NativeConstructorAccessorImpl.newInstance0(Native Method)
	at sun.reflect.NativeConstructorAccessorImpl.newInstance(NativeConstructorAccessorImpl.java:62)
	at sun.reflect.DelegatingConstructorAccessorImpl.newInstance(DelegatingConstructorAccessorImpl.java:45)
	at java.lang.reflect.Constructor.newInstance(Constructor.java:423)
	at org.openqa.selenium.remote.W3CHandshakeResponse.lambda$errorHandler$0(W3CHandshakeResponse.java:62)
	at org.openqa.selenium.remote.HandshakeResponse.lambda$getResponseFunction$0(HandshakeResponse.java:30)
	at org.openqa.selenium.remote.ProtocolHandshake.lambda$createSession$0(ProtocolHandshake.java:126)
	at java.util.stream.ReferencePipeline$3$1.accept(ReferencePipeline.java:193)
	at java.util.Spliterators$ArraySpliterator.tryAdvance(Spliterators.java:958)
	at java.util.stream.ReferencePipeline.forEachWithCancel(ReferencePipeline.java:126)
	at java.util.stream.AbstractPipeline.copyIntoWithCancel(AbstractPipeline.java:499)
	at java.util.stream.AbstractPipeline.copyInto(AbstractPipeline.java:486)
	at java.util.stream.AbstractPipeline.wrapAndCopyInto(AbstractPipeline.java:472)
	at java.util.stream.FindOps$FindOp.evaluateSequential(FindOps.java:152)
	at java.util.stream.AbstractPipeline.evaluate(AbstractPipeline.java:234)
	at java.util.stream.ReferencePipeline.findFirst(ReferencePipeline.java:464)
	at org.openqa.selenium.remote.ProtocolHandshake.createSession(ProtocolHandshake.java:128)
	at org.openqa.selenium.remote.ProtocolHandshake.createSession(ProtocolHandshake.java:74)
	at org.openqa.selenium.remote.HttpCommandExecutor.execute(HttpCommandExecutor.java:136)
	at org.openqa.selenium.remote.service.DriverCommandExecutor.execute(DriverCommandExecutor.java:83)
	at org.openqa.selenium.remote.RemoteWebDriver.execute(RemoteWebDriver.java:552)
	at org.openqa.selenium.remote.RemoteWebDriver.startSession(RemoteWebDriver.java:213)
	at org.openqa.selenium.remote.RemoteWebDriver.<init>(RemoteWebDriver.java:131)
	at org.openqa.selenium.chrome.ChromeDriver.<init>(ChromeDriver.java:181)
	at org.openqa.selenium.chrome.ChromeDriver.<init>(ChromeDriver.java:168)
	at org.openqa.selenium.chrome.ChromeDriver.<init>(ChromeDriver.java:123)
	at com.selenium.basic.New1.openBrowser(New1.java:24)
	at sun.reflect.NativeMethodAccessorImpl.invoke0(Native Method)
	at sun.reflect.NativeMethodAccessorImpl.invoke(NativeMethodAccessorImpl.java:62)
	at sun.reflect.DelegatingMethodAccessorImpl.invoke(DelegatingMethodAccessorImpl.java:43)
	at java.lang.reflect.Method.invoke(Method.java:498)
	at org.testng.internal.MethodInvocationHelper.invokeMethod(MethodInvocationHelper.java:100)
	at org.testng.internal.Invoker.invokeConfigurationMethod(Invoker.java:515)
	at org.testng.internal.Invoker.invokeConfigurations(Invoker.java:216)
	at org.testng.internal.Invoker.invokeMethod(Invoker.java:590)
	at org.testng.internal.Invoker.invokeTestMethod(Invoker.java:811)
	at org.testng.internal.Invoker.invokeTestMethods(Invoker.java:1137)
	at org.testng.internal.TestMethodWorker.invokeTestMethods(TestMethodWorker.java:129)
	at org.testng.internal.TestMethodWorker.run(TestMethodWorker.java:112)
	at org.testng.TestRunner.privateRun(TestRunner.java:753)
	at org.testng.TestRunner.run(TestRunner.java:607)
	at org.testng.SuiteRunner.runTest(SuiteRunner.java:368)
	at org.testng.SuiteRunner.runSequentially(SuiteRunner.java:363)
	at org.testng.SuiteRunner.privateRun(SuiteRunner.java:321)
	at org.testng.SuiteRunner.run(SuiteRunner.java:270)
	at org.testng.SuiteRunnerWorker.runSuite(SuiteRunnerWorker.java:52)
	at org.testng.SuiteRunnerWorker.run(SuiteRunnerWorker.java:86)
	at org.testng.TestNG.runSuitesSequentially(TestNG.java:1284)
	at org.testng.TestNG.runSuitesLocally(TestNG.java:1209)
	at org.testng.TestNG.runSuites(TestNG.java:1124)
	at org.testng.TestNG.run(TestNG.java:1096)
	at org.testng.remote.AbstractRemoteTestNG.run(AbstractRemoteTestNG.java:132)
	at org.testng.remote.RemoteTestNG.initAndRun(RemoteTestNG.java:236)
	at org.testng.remote.RemoteTestNG.main(RemoteTestNG.java:81)
]]>
    </error>
  </testcase> <!-- openBrowser -->
</testsuite> <!-- com.selenium.basic.New1 -->
